<?xml version="1.0" encoding="UTF-8"?>
<testsuite xmlns:xsi="http://www.w3.org/2001/XMLSchema-instance" xsi:noNamespaceSchemaLocation="https://maven.apache.org/surefire/maven-surefire-plugin/xsd/surefire-test-report.xsd" name="com.ross.dario.persistence.repository.UserRepositoryTest" time="0.13" tests="14" errors="14" skipped="0" failures="0">
  <properties>
[...]
</properties>
  <testcase name="testSelectAllFilled" classname="com.ross.dario.persistence.repository.UserRepositoryTest" time="0.017">
    <error message="could not extract ResultSet; SQL [n/a]; nested exception is org.hibernate.exception.SQLGrammarException: could not extract ResultSet" type="org.springframework.dao.InvalidDataAccessResourceUsageException">org.springframework.dao.InvalidDataAccessResourceUsageException: could not extract ResultSet; SQL [n/a]; nested exception is org.hibernate.exception.SQLGrammarException: could not extract ResultSet
	at com.ross.dario.persistence.repository.UserRepositoryTest.initializeUserTests(UserRepositoryTest.java:53)
Caused by: org.hibernate.exception.SQLGrammarException: could not extract ResultSet
	at com.ross.dario.persistence.repository.UserRepositoryTest.initializeUserTests(UserRepositoryTest.java:53)
Caused by: com.mysql.jdbc.exceptions.jdbc4.MySQLSyntaxErrorException: Unknown column 'user0_.dateofbirth' in 'field list'
	at com.ross.dario.persistence.repository.UserRepositoryTest.initializeUserTests(UserRepositoryTest.java:53)
</error>
    <system-out><![CDATA[09:59:39.885 [main] INFO  org.springframework.test.context.support.AbstractContextLoader - Could not detect default resource locations for test class [com.ross.dario.persistence.repository.UserRepositoryTest]: no resource found for suffixes {-context.xml, Context.groovy}.
09:59:39.888 [main] INFO  org.springframework.boot.test.context.SpringBootTestContextBootstrapper - Loaded default TestExecutionListener class names from location [META-INF/spring.factories]: [org.springframework.boot.test.mock.mockito.MockitoTestExecutionListener, org.springframework.boot.test.mock.mockito.ResetMocksTestExecutionListener, org.springframework.boot.test.autoconfigure.restdocs.RestDocsTestExecutionListener, org.springframework.boot.test.autoconfigure.web.client.MockRestServiceServerResetTestExecutionListener, org.springframework.boot.test.autoconfigure.web.servlet.MockMvcPrintOnlyOnFailureTestExecutionListener, org.springframework.boot.test.autoconfigure.web.servlet.WebDriverTestExecutionListener, org.springframework.test.context.web.ServletTestExecutionListener, org.springframework.test.context.support.DirtiesContextBeforeModesTestExecutionListener, org.springframework.test.context.support.DependencyInjectionTestExecutionListener, org.springframework.test.context.support.DirtiesContextTestExecutionListener, org.springframework.test.context.transaction.TransactionalTestExecutionListener, org.springframework.test.context.jdbc.SqlScriptsTestExecutionListener]
09:59:39.905 [main] INFO  org.springframework.boot.test.context.SpringBootTestContextBootstrapper - Using TestExecutionListeners: [org.springframework.test.context.web.ServletTestExecutionListener@69fe7090, org.springframework.test.context.support.DirtiesContextBeforeModesTestExecutionListener@6501b105, org.springframework.boot.test.mock.mockito.MockitoTestExecutionListener@66ab924, org.springframework.boot.test.autoconfigure.SpringBootDependencyInjectionTestExecutionListener@6df2af02, org.springframework.test.context.support.DirtiesContextTestExecutionListener@779228dc, org.springframework.test.context.transaction.TransactionalTestExecutionListener@1f7336b2, org.springframework.test.context.jdbc.SqlScriptsTestExecutionListener@4c030fe1, org.springframework.boot.test.mock.mockito.ResetMocksTestExecutionListener@347123dc, org.springframework.boot.test.autoconfigure.restdocs.RestDocsTestExecutionListener@52433946, org.springframework.boot.test.autoconfigure.web.client.MockRestServiceServerResetTestExecutionListener@5403431a, org.springframework.boot.test.autoconfigure.web.servlet.MockMvcPrintOnlyOnFailureTestExecutionListener@ab327c, org.springframework.boot.test.autoconfigure.web.servlet.WebDriverTestExecutionListener@3d798e76]
09:59:39.910 [main] INFO  com.ross.dario.persistence.repository.UserRepositoryTest - UserRepositoryTest.initializeUserTests - START
Hibernate: select user0_.id as id1_4_, user0_.cap as cap2_4_, user0_.dateofbirth as dateofbi3_4_, user0_.domicile_city as domicile4_4_, user0_.domicile_house_number as domicile5_4_, user0_.domicile_street_name as domicile6_4_, user0_.email as email7_4_, user0_.fiscal_code as fiscal_c8_4_, user0_.medical_visit as medical_9_4_, user0_.name as name10_4_, user0_.name_tutor as name_tu11_4_, user0_.note as note12_4_, user0_.password as passwor13_4_, user0_.phone as phone14_4_, user0_.place_of_birth as place_o15_4_, user0_.role as role16_4_, user0_.surname as surname17_4_, user0_.surname_tutor as surname18_4_, user0_.type as type19_4_ from users user0_
09:59:39.916 [main] WARN  org.hibernate.engine.jdbc.spi.SqlExceptionHelper - SQL Error: 1054, SQLState: 42S22
09:59:39.916 [main] ERROR org.hibernate.engine.jdbc.spi.SqlExceptionHelper - Unknown column 'user0_.dateofbirth' in 'field list'
09:59:39.919 [main] INFO  com.ross.dario.persistence.repository.UserRepositoryTest - UserRepositoryTest.initializeUserTests - START
Hibernate: select user0_.id as id1_4_, user0_.cap as cap2_4_, user0_.dateofbirth as dateofbi3_4_, user0_.domicile_city as domicile4_4_, user0_.domicile_house_number as domicile5_4_, user0_.domicile_street_name as domicile6_4_, user0_.email as email7_4_, user0_.fiscal_code as fiscal_c8_4_, user0_.medical_visit as medical_9_4_, user0_.name as name10_4_, user0_.name_tutor as name_tu11_4_, user0_.note as note12_4_, user0_.password as passwor13_4_, user0_.phone as phone14_4_, user0_.place_of_birth as place_o15_4_, user0_.role as role16_4_, user0_.surname as surname17_4_, user0_.surname_tutor as surname18_4_, user0_.type as type19_4_ from users user0_
09:59:39.922 [main] WARN  org.hibernate.engine.jdbc.spi.SqlExceptionHelper - SQL Error: 1054, SQLState: 42S22
09:59:39.922 [main] ERROR org.hibernate.engine.jdbc.spi.SqlExceptionHelper - Unknown column 'user0_.dateofbirth' in 'field list'
]]></system-out>
  </testcase>
  <testcase name="testSelectAllFilled" classname="com.ross.dario.persistence.repository.UserRepositoryTest" time="0.017">
    <error message="could not extract ResultSet; SQL [n/a]; nested exception is org.hibernate.exception.SQLGrammarException: could not extract ResultSet" type="org.springframework.dao.InvalidDataAccessResourceUsageException">org.springframework.dao.InvalidDataAccessResourceUsageException: could not extract ResultSet; SQL [n/a]; nested exception is org.hibernate.exception.SQLGrammarException: could not extract ResultSet
	at com.ross.dario.persistence.repository.UserRepositoryTest.initializeUserTests(UserRepositoryTest.java:53)
Caused by: org.hibernate.exception.SQLGrammarException: could not extract ResultSet
	at com.ross.dario.persistence.repository.UserRepositoryTest.initializeUserTests(UserRepositoryTest.java:53)
Caused by: com.mysql.jdbc.exceptions.jdbc4.MySQLSyntaxErrorException: Unknown column 'user0_.dateofbirth' in 'field list'
	at com.ross.dario.persistence.repository.UserRepositoryTest.initializeUserTests(UserRepositoryTest.java:53)
</error>
  </testcase>
  <testcase name="testDeleteAll" classname="com.ross.dario.persistence.repository.UserRepositoryTest" time="0.016">
    <error message="could not extract ResultSet; SQL [n/a]; nested exception is org.hibernate.exception.SQLGrammarException: could not extract ResultSet" type="org.springframework.dao.InvalidDataAccessResourceUsageException">org.springframework.dao.InvalidDataAccessResourceUsageException: could not extract ResultSet; SQL [n/a]; nested exception is org.hibernate.exception.SQLGrammarException: could not extract ResultSet
	at com.ross.dario.persistence.repository.UserRepositoryTest.initializeUserTests(UserRepositoryTest.java:53)
Caused by: org.hibernate.exception.SQLGrammarException: could not extract ResultSet
	at com.ross.dario.persistence.repository.UserRepositoryTest.initializeUserTests(UserRepositoryTest.java:53)
Caused by: com.mysql.jdbc.exceptions.jdbc4.MySQLSyntaxErrorException: Unknown column 'user0_.dateofbirth' in 'field list'
	at com.ross.dario.persistence.repository.UserRepositoryTest.initializeUserTests(UserRepositoryTest.java:53)
</error>
    <system-out><![CDATA[09:59:39.931 [main] INFO  com.ross.dario.persistence.repository.UserRepositoryTest - UserRepositoryTest.initializeUserTests - START
Hibernate: select user0_.id as id1_4_, user0_.cap as cap2_4_, user0_.dateofbirth as dateofbi3_4_, user0_.domicile_city as domicile4_4_, user0_.domicile_house_number as domicile5_4_, user0_.domicile_street_name as domicile6_4_, user0_.email as email7_4_, user0_.fiscal_code as fiscal_c8_4_, user0_.medical_visit as medical_9_4_, user0_.name as name10_4_, user0_.name_tutor as name_tu11_4_, user0_.note as note12_4_, user0_.password as passwor13_4_, user0_.phone as phone14_4_, user0_.place_of_birth as place_o15_4_, user0_.role as role16_4_, user0_.surname as surname17_4_, user0_.surname_tutor as surname18_4_, user0_.type as type19_4_ from users user0_
09:59:39.934 [main] WARN  org.hibernate.engine.jdbc.spi.SqlExceptionHelper - SQL Error: 1054, SQLState: 42S22
09:59:39.935 [main] ERROR org.hibernate.engine.jdbc.spi.SqlExceptionHelper - Unknown column 'user0_.dateofbirth' in 'field list'
09:59:39.937 [main] INFO  com.ross.dario.persistence.repository.UserRepositoryTest - UserRepositoryTest.initializeUserTests - START
Hibernate: select user0_.id as id1_4_, user0_.cap as cap2_4_, user0_.dateofbirth as dateofbi3_4_, user0_.domicile_city as domicile4_4_, user0_.domicile_house_number as domicile5_4_, user0_.domicile_street_name as domicile6_4_, user0_.email as email7_4_, user0_.fiscal_code as fiscal_c8_4_, user0_.medical_visit as medical_9_4_, user0_.name as name10_4_, user0_.name_tutor as name_tu11_4_, user0_.note as note12_4_, user0_.password as passwor13_4_, user0_.phone as phone14_4_, user0_.place_of_birth as place_o15_4_, user0_.role as role16_4_, user0_.surname as surname17_4_, user0_.surname_tutor as surname18_4_, user0_.type as type19_4_ from users user0_
09:59:39.939 [main] WARN  org.hibernate.engine.jdbc.spi.SqlExceptionHelper - SQL Error: 1054, SQLState: 42S22
09:59:39.939 [main] ERROR org.hibernate.engine.jdbc.spi.SqlExceptionHelper - Unknown column 'user0_.dateofbirth' in 'field list'
]]></system-out>
  </testcase>
  <testcase name="testDeleteAll" classname="com.ross.dario.persistence.repository.UserRepositoryTest" time="0.016">
    <error message="could not extract ResultSet; SQL [n/a]; nested exception is org.hibernate.exception.SQLGrammarException: could not extract ResultSet" type="org.springframework.dao.InvalidDataAccessResourceUsageException">org.springframework.dao.InvalidDataAccessResourceUsageException: could not extract ResultSet; SQL [n/a]; nested exception is org.hibernate.exception.SQLGrammarException: could not extract ResultSet
	at com.ross.dario.persistence.repository.UserRepositoryTest.initializeUserTests(UserRepositoryTest.java:53)
Caused by: org.hibernate.exception.SQLGrammarException: could not extract ResultSet
	at com.ross.dario.persistence.repository.UserRepositoryTest.initializeUserTests(UserRepositoryTest.java:53)
Caused by: com.mysql.jdbc.exceptions.jdbc4.MySQLSyntaxErrorException: Unknown column 'user0_.dateofbirth' in 'field list'
	at com.ross.dario.persistence.repository.UserRepositoryTest.initializeUserTests(UserRepositoryTest.java:53)
</error>
  </testcase>
  <testcase name="testDeleteById" classname="com.ross.dario.persistence.repository.UserRepositoryTest" time="0.007">
    <error message="could not extract ResultSet; SQL [n/a]; nested exception is org.hibernate.exception.SQLGrammarException: could not extract ResultSet" type="org.springframework.dao.InvalidDataAccessResourceUsageException">org.springframework.dao.InvalidDataAccessResourceUsageException: could not extract ResultSet; SQL [n/a]; nested exception is org.hibernate.exception.SQLGrammarException: could not extract ResultSet
	at com.ross.dario.persistence.repository.UserRepositoryTest.initializeUserTests(UserRepositoryTest.java:53)
Caused by: org.hibernate.exception.SQLGrammarException: could not extract ResultSet
	at com.ross.dario.persistence.repository.UserRepositoryTest.initializeUserTests(UserRepositoryTest.java:53)
Caused by: com.mysql.jdbc.exceptions.jdbc4.MySQLSyntaxErrorException: Unknown column 'user0_.dateofbirth' in 'field list'
	at com.ross.dario.persistence.repository.UserRepositoryTest.initializeUserTests(UserRepositoryTest.java:53)
</error>
    <system-out><![CDATA[09:59:39.947 [main] INFO  com.ross.dario.persistence.repository.UserRepositoryTest - UserRepositoryTest.initializeUserTests - START
Hibernate: select user0_.id as id1_4_, user0_.cap as cap2_4_, user0_.dateofbirth as dateofbi3_4_, user0_.domicile_city as domicile4_4_, user0_.domicile_house_number as domicile5_4_, user0_.domicile_street_name as domicile6_4_, user0_.email as email7_4_, user0_.fiscal_code as fiscal_c8_4_, user0_.medical_visit as medical_9_4_, user0_.name as name10_4_, user0_.name_tutor as name_tu11_4_, user0_.note as note12_4_, user0_.password as passwor13_4_, user0_.phone as phone14_4_, user0_.place_of_birth as place_o15_4_, user0_.role as role16_4_, user0_.surname as surname17_4_, user0_.surname_tutor as surname18_4_, user0_.type as type19_4_ from users user0_
09:59:39.950 [main] WARN  org.hibernate.engine.jdbc.spi.SqlExceptionHelper - SQL Error: 1054, SQLState: 42S22
09:59:39.950 [main] ERROR org.hibernate.engine.jdbc.spi.SqlExceptionHelper - Unknown column 'user0_.dateofbirth' in 'field list'
09:59:39.952 [main] INFO  com.ross.dario.persistence.repository.UserRepositoryTest - UserRepositoryTest.initializeUserTests - START
Hibernate: select user0_.id as id1_4_, user0_.cap as cap2_4_, user0_.dateofbirth as dateofbi3_4_, user0_.domicile_city as domicile4_4_, user0_.domicile_house_number as domicile5_4_, user0_.domicile_street_name as domicile6_4_, user0_.email as email7_4_, user0_.fiscal_code as fiscal_c8_4_, user0_.medical_visit as medical_9_4_, user0_.name as name10_4_, user0_.name_tutor as name_tu11_4_, user0_.note as note12_4_, user0_.password as passwor13_4_, user0_.phone as phone14_4_, user0_.place_of_birth as place_o15_4_, user0_.role as role16_4_, user0_.surname as surname17_4_, user0_.surname_tutor as surname18_4_, user0_.type as type19_4_ from users user0_
09:59:39.954 [main] WARN  org.hibernate.engine.jdbc.spi.SqlExceptionHelper - SQL Error: 1054, SQLState: 42S22
09:59:39.955 [main] ERROR org.hibernate.engine.jdbc.spi.SqlExceptionHelper - Unknown column 'user0_.dateofbirth' in 'field list'
]]></system-out>
  </testcase>
  <testcase name="testDeleteById" classname="com.ross.dario.persistence.repository.UserRepositoryTest" time="0.008">
    <error message="could not extract ResultSet; SQL [n/a]; nested exception is org.hibernate.exception.SQLGrammarException: could not extract ResultSet" type="org.springframework.dao.InvalidDataAccessResourceUsageException">org.springframework.dao.InvalidDataAccessResourceUsageException: could not extract ResultSet; SQL [n/a]; nested exception is org.hibernate.exception.SQLGrammarException: could not extract ResultSet
	at com.ross.dario.persistence.repository.UserRepositoryTest.initializeUserTests(UserRepositoryTest.java:53)
Caused by: org.hibernate.exception.SQLGrammarException: could not extract ResultSet
	at com.ross.dario.persistence.repository.UserRepositoryTest.initializeUserTests(UserRepositoryTest.java:53)
Caused by: com.mysql.jdbc.exceptions.jdbc4.MySQLSyntaxErrorException: Unknown column 'user0_.dateofbirth' in 'field list'
	at com.ross.dario.persistence.repository.UserRepositoryTest.initializeUserTests(UserRepositoryTest.java:53)
</error>
  </testcase>
  <testcase name="testInsert" classname="com.ross.dario.persistence.repository.UserRepositoryTest" time="0.023">
    <error message="could not extract ResultSet; SQL [n/a]; nested exception is org.hibernate.exception.SQLGrammarException: could not extract ResultSet" type="org.springframework.dao.InvalidDataAccessResourceUsageException">org.springframework.dao.InvalidDataAccessResourceUsageException: could not extract ResultSet; SQL [n/a]; nested exception is org.hibernate.exception.SQLGrammarException: could not extract ResultSet
	at com.ross.dario.persistence.repository.UserRepositoryTest.initializeUserTests(UserRepositoryTest.java:53)
Caused by: org.hibernate.exception.SQLGrammarException: could not extract ResultSet
	at com.ross.dario.persistence.repository.UserRepositoryTest.initializeUserTests(UserRepositoryTest.java:53)
Caused by: com.mysql.jdbc.exceptions.jdbc4.MySQLSyntaxErrorException: Unknown column 'user0_.dateofbirth' in 'field list'
	at com.ross.dario.persistence.repository.UserRepositoryTest.initializeUserTests(UserRepositoryTest.java:53)
</error>
    <system-out><![CDATA[09:59:39.963 [main] INFO  com.ross.dario.persistence.repository.UserRepositoryTest - UserRepositoryTest.initializeUserTests - START
Hibernate: select user0_.id as id1_4_, user0_.cap as cap2_4_, user0_.dateofbirth as dateofbi3_4_, user0_.domicile_city as domicile4_4_, user0_.domicile_house_number as domicile5_4_, user0_.domicile_street_name as domicile6_4_, user0_.email as email7_4_, user0_.fiscal_code as fiscal_c8_4_, user0_.medical_visit as medical_9_4_, user0_.name as name10_4_, user0_.name_tutor as name_tu11_4_, user0_.note as note12_4_, user0_.password as passwor13_4_, user0_.phone as phone14_4_, user0_.place_of_birth as place_o15_4_, user0_.role as role16_4_, user0_.surname as surname17_4_, user0_.surname_tutor as surname18_4_, user0_.type as type19_4_ from users user0_
09:59:39.965 [main] WARN  org.hibernate.engine.jdbc.spi.SqlExceptionHelper - SQL Error: 1054, SQLState: 42S22
09:59:39.966 [main] ERROR org.hibernate.engine.jdbc.spi.SqlExceptionHelper - Unknown column 'user0_.dateofbirth' in 'field list'
09:59:39.968 [main] INFO  com.ross.dario.persistence.repository.UserRepositoryTest - UserRepositoryTest.initializeUserTests - START
Hibernate: select user0_.id as id1_4_, user0_.cap as cap2_4_, user0_.dateofbirth as dateofbi3_4_, user0_.domicile_city as domicile4_4_, user0_.domicile_house_number as domicile5_4_, user0_.domicile_street_name as domicile6_4_, user0_.email as email7_4_, user0_.fiscal_code as fiscal_c8_4_, user0_.medical_visit as medical_9_4_, user0_.name as name10_4_, user0_.name_tutor as name_tu11_4_, user0_.note as note12_4_, user0_.password as passwor13_4_, user0_.phone as phone14_4_, user0_.place_of_birth as place_o15_4_, user0_.role as role16_4_, user0_.surname as surname17_4_, user0_.surname_tutor as surname18_4_, user0_.type as type19_4_ from users user0_
09:59:39.971 [main] WARN  org.hibernate.engine.jdbc.spi.SqlExceptionHelper - SQL Error: 1054, SQLState: 42S22
09:59:39.971 [main] ERROR org.hibernate.engine.jdbc.spi.SqlExceptionHelper - Unknown column 'user0_.dateofbirth' in 'field list'
]]></system-out>
  </testcase>
  <testcase name="testInsert" classname="com.ross.dario.persistence.repository.UserRepositoryTest" time="0.023">
    <error message="could not extract ResultSet; SQL [n/a]; nested exception is org.hibernate.exception.SQLGrammarException: could not extract ResultSet" type="org.springframework.dao.InvalidDataAccessResourceUsageException">org.springframework.dao.InvalidDataAccessResourceUsageException: could not extract ResultSet; SQL [n/a]; nested exception is org.hibernate.exception.SQLGrammarException: could not extract ResultSet
	at com.ross.dario.persistence.repository.UserRepositoryTest.initializeUserTests(UserRepositoryTest.java:53)
Caused by: org.hibernate.exception.SQLGrammarException: could not extract ResultSet
	at com.ross.dario.persistence.repository.UserRepositoryTest.initializeUserTests(UserRepositoryTest.java:53)
Caused by: com.mysql.jdbc.exceptions.jdbc4.MySQLSyntaxErrorException: Unknown column 'user0_.dateofbirth' in 'field list'
	at com.ross.dario.persistence.repository.UserRepositoryTest.initializeUserTests(UserRepositoryTest.java:53)
</error>
  </testcase>
  <testcase name="testSelectAllEmpty" classname="com.ross.dario.persistence.repository.UserRepositoryTest" time="0.025">
    <error message="could not extract ResultSet; SQL [n/a]; nested exception is org.hibernate.exception.SQLGrammarException: could not extract ResultSet" type="org.springframework.dao.InvalidDataAccessResourceUsageException">org.springframework.dao.InvalidDataAccessResourceUsageException: could not extract ResultSet; SQL [n/a]; nested exception is org.hibernate.exception.SQLGrammarException: could not extract ResultSet
	at com.ross.dario.persistence.repository.UserRepositoryTest.initializeUserTests(UserRepositoryTest.java:53)
Caused by: org.hibernate.exception.SQLGrammarException: could not extract ResultSet
	at com.ross.dario.persistence.repository.UserRepositoryTest.initializeUserTests(UserRepositoryTest.java:53)
Caused by: com.mysql.jdbc.exceptions.jdbc4.MySQLSyntaxErrorException: Unknown column 'user0_.dateofbirth' in 'field list'
	at com.ross.dario.persistence.repository.UserRepositoryTest.initializeUserTests(UserRepositoryTest.java:53)
</error>
    <system-out><![CDATA[09:59:39.979 [main] INFO  com.ross.dario.persistence.repository.UserRepositoryTest - UserRepositoryTest.initializeUserTests - START
Hibernate: select user0_.id as id1_4_, user0_.cap as cap2_4_, user0_.dateofbirth as dateofbi3_4_, user0_.domicile_city as domicile4_4_, user0_.domicile_house_number as domicile5_4_, user0_.domicile_street_name as domicile6_4_, user0_.email as email7_4_, user0_.fiscal_code as fiscal_c8_4_, user0_.medical_visit as medical_9_4_, user0_.name as name10_4_, user0_.name_tutor as name_tu11_4_, user0_.note as note12_4_, user0_.password as passwor13_4_, user0_.phone as phone14_4_, user0_.place_of_birth as place_o15_4_, user0_.role as role16_4_, user0_.surname as surname17_4_, user0_.surname_tutor as surname18_4_, user0_.type as type19_4_ from users user0_
09:59:40.071 [main] WARN  org.hibernate.engine.jdbc.spi.SqlExceptionHelper - SQL Error: 1054, SQLState: 42S22
09:59:40.072 [main] ERROR org.hibernate.engine.jdbc.spi.SqlExceptionHelper - Unknown column 'user0_.dateofbirth' in 'field list'
09:59:40.073 [main] INFO  com.ross.dario.persistence.repository.UserRepositoryTest - UserRepositoryTest.initializeUserTests - START
Hibernate: select user0_.id as id1_4_, user0_.cap as cap2_4_, user0_.dateofbirth as dateofbi3_4_, user0_.domicile_city as domicile4_4_, user0_.domicile_house_number as domicile5_4_, user0_.domicile_street_name as domicile6_4_, user0_.email as email7_4_, user0_.fiscal_code as fiscal_c8_4_, user0_.medical_visit as medical_9_4_, user0_.name as name10_4_, user0_.name_tutor as name_tu11_4_, user0_.note as note12_4_, user0_.password as passwor13_4_, user0_.phone as phone14_4_, user0_.place_of_birth as place_o15_4_, user0_.role as role16_4_, user0_.surname as surname17_4_, user0_.surname_tutor as surname18_4_, user0_.type as type19_4_ from users user0_
09:59:40.076 [main] WARN  org.hibernate.engine.jdbc.spi.SqlExceptionHelper - SQL Error: 1054, SQLState: 42S22
09:59:40.077 [main] ERROR org.hibernate.engine.jdbc.spi.SqlExceptionHelper - Unknown column 'user0_.dateofbirth' in 'field list'
]]></system-out>
  </testcase>
  <testcase name="testSelectAllEmpty" classname="com.ross.dario.persistence.repository.UserRepositoryTest" time="0.025">
    <error message="could not extract ResultSet; SQL [n/a]; nested exception is org.hibernate.exception.SQLGrammarException: could not extract ResultSet" type="org.springframework.dao.InvalidDataAccessResourceUsageException">org.springframework.dao.InvalidDataAccessResourceUsageException: could not extract ResultSet; SQL [n/a]; nested exception is org.hibernate.exception.SQLGrammarException: could not extract ResultSet
	at com.ross.dario.persistence.repository.UserRepositoryTest.initializeUserTests(UserRepositoryTest.java:53)
Caused by: org.hibernate.exception.SQLGrammarException: could not extract ResultSet
	at com.ross.dario.persistence.repository.UserRepositoryTest.initializeUserTests(UserRepositoryTest.java:53)
Caused by: com.mysql.jdbc.exceptions.jdbc4.MySQLSyntaxErrorException: Unknown column 'user0_.dateofbirth' in 'field list'
	at com.ross.dario.persistence.repository.UserRepositoryTest.initializeUserTests(UserRepositoryTest.java:53)
</error>
  </testcase>
  <testcase name="testUpdate" classname="com.ross.dario.persistence.repository.UserRepositoryTest" time="0.025">
    <error message="could not extract ResultSet; SQL [n/a]; nested exception is org.hibernate.exception.SQLGrammarException: could not extract ResultSet" type="org.springframework.dao.InvalidDataAccessResourceUsageException">org.springframework.dao.InvalidDataAccessResourceUsageException: could not extract ResultSet; SQL [n/a]; nested exception is org.hibernate.exception.SQLGrammarException: could not extract ResultSet
	at com.ross.dario.persistence.repository.UserRepositoryTest.initializeUserTests(UserRepositoryTest.java:53)
Caused by: org.hibernate.exception.SQLGrammarException: could not extract ResultSet
	at com.ross.dario.persistence.repository.UserRepositoryTest.initializeUserTests(UserRepositoryTest.java:53)
Caused by: com.mysql.jdbc.exceptions.jdbc4.MySQLSyntaxErrorException: Unknown column 'user0_.dateofbirth' in 'field list'
	at com.ross.dario.persistence.repository.UserRepositoryTest.initializeUserTests(UserRepositoryTest.java:53)
</error>
    <system-out><![CDATA[09:59:40.085 [main] INFO  com.ross.dario.persistence.repository.UserRepositoryTest - UserRepositoryTest.initializeUserTests - START
Hibernate: select user0_.id as id1_4_, user0_.cap as cap2_4_, user0_.dateofbirth as dateofbi3_4_, user0_.domicile_city as domicile4_4_, user0_.domicile_house_number as domicile5_4_, user0_.domicile_street_name as domicile6_4_, user0_.email as email7_4_, user0_.fiscal_code as fiscal_c8_4_, user0_.medical_visit as medical_9_4_, user0_.name as name10_4_, user0_.name_tutor as name_tu11_4_, user0_.note as note12_4_, user0_.password as passwor13_4_, user0_.phone as phone14_4_, user0_.place_of_birth as place_o15_4_, user0_.role as role16_4_, user0_.surname as surname17_4_, user0_.surname_tutor as surname18_4_, user0_.type as type19_4_ from users user0_
09:59:40.088 [main] WARN  org.hibernate.engine.jdbc.spi.SqlExceptionHelper - SQL Error: 1054, SQLState: 42S22
09:59:40.088 [main] ERROR org.hibernate.engine.jdbc.spi.SqlExceptionHelper - Unknown column 'user0_.dateofbirth' in 'field list'
09:59:40.090 [main] INFO  com.ross.dario.persistence.repository.UserRepositoryTest - UserRepositoryTest.initializeUserTests - START
Hibernate: select user0_.id as id1_4_, user0_.cap as cap2_4_, user0_.dateofbirth as dateofbi3_4_, user0_.domicile_city as domicile4_4_, user0_.domicile_house_number as domicile5_4_, user0_.domicile_street_name as domicile6_4_, user0_.email as email7_4_, user0_.fiscal_code as fiscal_c8_4_, user0_.medical_visit as medical_9_4_, user0_.name as name10_4_, user0_.name_tutor as name_tu11_4_, user0_.note as note12_4_, user0_.password as passwor13_4_, user0_.phone as phone14_4_, user0_.place_of_birth as place_o15_4_, user0_.role as role16_4_, user0_.surname as surname17_4_, user0_.surname_tutor as surname18_4_, user0_.type as type19_4_ from users user0_
09:59:40.092 [main] WARN  org.hibernate.engine.jdbc.spi.SqlExceptionHelper - SQL Error: 1054, SQLState: 42S22
09:59:40.093 [main] ERROR org.hibernate.engine.jdbc.spi.SqlExceptionHelper - Unknown column 'user0_.dateofbirth' in 'field list'
]]></system-out>
  </testcase>
  <testcase name="testUpdate" classname="com.ross.dario.persistence.repository.UserRepositoryTest" time="0.025">
    <error message="could not extract ResultSet; SQL [n/a]; nested exception is org.hibernate.exception.SQLGrammarException: could not extract ResultSet" type="org.springframework.dao.InvalidDataAccessResourceUsageException">org.springframework.dao.InvalidDataAccessResourceUsageException: could not extract ResultSet; SQL [n/a]; nested exception is org.hibernate.exception.SQLGrammarException: could not extract ResultSet
	at com.ross.dario.persistence.repository.UserRepositoryTest.initializeUserTests(UserRepositoryTest.java:53)
Caused by: org.hibernate.exception.SQLGrammarException: could not extract ResultSet
	at com.ross.dario.persistence.repository.UserRepositoryTest.initializeUserTests(UserRepositoryTest.java:53)
Caused by: com.mysql.jdbc.exceptions.jdbc4.MySQLSyntaxErrorException: Unknown column 'user0_.dateofbirth' in 'field list'
	at com.ross.dario.persistence.repository.UserRepositoryTest.initializeUserTests(UserRepositoryTest.java:53)
</error>
  </testcase>
  <testcase name="testSelectById" classname="com.ross.dario.persistence.repository.UserRepositoryTest" time="0.006">
    <error message="could not extract ResultSet; SQL [n/a]; nested exception is org.hibernate.exception.SQLGrammarException: could not extract ResultSet" type="org.springframework.dao.InvalidDataAccessResourceUsageException">org.springframework.dao.InvalidDataAccessResourceUsageException: could not extract ResultSet; SQL [n/a]; nested exception is org.hibernate.exception.SQLGrammarException: could not extract ResultSet
	at com.ross.dario.persistence.repository.UserRepositoryTest.initializeUserTests(UserRepositoryTest.java:53)
Caused by: org.hibernate.exception.SQLGrammarException: could not extract ResultSet
	at com.ross.dario.persistence.repository.UserRepositoryTest.initializeUserTests(UserRepositoryTest.java:53)
Caused by: com.mysql.jdbc.exceptions.jdbc4.MySQLSyntaxErrorException: Unknown column 'user0_.dateofbirth' in 'field list'
	at com.ross.dario.persistence.repository.UserRepositoryTest.initializeUserTests(UserRepositoryTest.java:53)
</error>
    <system-out><![CDATA[09:59:40.101 [main] INFO  com.ross.dario.persistence.repository.UserRepositoryTest - UserRepositoryTest.initializeUserTests - START
Hibernate: select user0_.id as id1_4_, user0_.cap as cap2_4_, user0_.dateofbirth as dateofbi3_4_, user0_.domicile_city as domicile4_4_, user0_.domicile_house_number as domicile5_4_, user0_.domicile_street_name as domicile6_4_, user0_.email as email7_4_, user0_.fiscal_code as fiscal_c8_4_, user0_.medical_visit as medical_9_4_, user0_.name as name10_4_, user0_.name_tutor as name_tu11_4_, user0_.note as note12_4_, user0_.password as passwor13_4_, user0_.phone as phone14_4_, user0_.place_of_birth as place_o15_4_, user0_.role as role16_4_, user0_.surname as surname17_4_, user0_.surname_tutor as surname18_4_, user0_.type as type19_4_ from users user0_
09:59:40.106 [main] WARN  org.hibernate.engine.jdbc.spi.SqlExceptionHelper - SQL Error: 1054, SQLState: 42S22
09:59:40.141 [main] ERROR org.hibernate.engine.jdbc.spi.SqlExceptionHelper - Unknown column 'user0_.dateofbirth' in 'field list'
09:59:40.142 [main] INFO  com.ross.dario.persistence.repository.UserRepositoryTest - UserRepositoryTest.initializeUserTests - START
Hibernate: select user0_.id as id1_4_, user0_.cap as cap2_4_, user0_.dateofbirth as dateofbi3_4_, user0_.domicile_city as domicile4_4_, user0_.domicile_house_number as domicile5_4_, user0_.domicile_street_name as domicile6_4_, user0_.email as email7_4_, user0_.fiscal_code as fiscal_c8_4_, user0_.medical_visit as medical_9_4_, user0_.name as name10_4_, user0_.name_tutor as name_tu11_4_, user0_.note as note12_4_, user0_.password as passwor13_4_, user0_.phone as phone14_4_, user0_.place_of_birth as place_o15_4_, user0_.role as role16_4_, user0_.surname as surname17_4_, user0_.surname_tutor as surname18_4_, user0_.type as type19_4_ from users user0_
09:59:40.154 [main] WARN  org.hibernate.engine.jdbc.spi.SqlExceptionHelper - SQL Error: 1054, SQLState: 42S22
09:59:40.154 [main] ERROR org.hibernate.engine.jdbc.spi.SqlExceptionHelper - Unknown column 'user0_.dateofbirth' in 'field list'
]]></system-out>
  </testcase>
  <testcase name="testSelectById" classname="com.ross.dario.persistence.repository.UserRepositoryTest" time="0.006">
    <error message="could not extract ResultSet; SQL [n/a]; nested exception is org.hibernate.exception.SQLGrammarException: could not extract ResultSet" type="org.springframework.dao.InvalidDataAccessResourceUsageException">org.springframework.dao.InvalidDataAccessResourceUsageException: could not extract ResultSet; SQL [n/a]; nested exception is org.hibernate.exception.SQLGrammarException: could not extract ResultSet
	at com.ross.dario.persistence.repository.UserRepositoryTest.initializeUserTests(UserRepositoryTest.java:53)
Caused by: org.hibernate.exception.SQLGrammarException: could not extract ResultSet
	at com.ross.dario.persistence.repository.UserRepositoryTest.initializeUserTests(UserRepositoryTest.java:53)
Caused by: com.mysql.jdbc.exceptions.jdbc4.MySQLSyntaxErrorException: Unknown column 'user0_.dateofbirth' in 'field list'
	at com.ross.dario.persistence.repository.UserRepositoryTest.initializeUserTests(UserRepositoryTest.java:53)
</error>
  </testcase>
</testsuite>